frc0100:compsystem:v02Httpful\Response Object
(
    [body] => Array
        (
            [0] => Array
                (
                    [0] => Rank
                    [1] => Team
                    [2] => Ranking Score
                    [3] => Auto
                    [4] => Scale/Challenge
                    [5] => Goals
                    [6] => Defense
                    [7] => Record (W-L-T)
                    [8] => Played
                )

            [1] => Array
                (
                    [0] => 1
                    [1] => 179
                    [2] => 22.0
                    [3] => 196.0
                    [4] => 155.0
                    [5] => 159.0
                    [6] => 395.0
                    [7] => 8-0-0
                    [8] => 8
                )

            [2] => Array
                (
                    [0] => 2
                    [1] => 1296
                    [2] => 20.0
                    [3] => 164.0
                    [4] => 105.0
                    [5] => 93.0
                    [6] => 385.0
                    [7] => 6-2-0
                    [8] => 8
                )

            [3] => Array
                (
                    [0] => 3
                    [1] => 1758
                    [2] => 20.0
                    [3] => 154.0
                    [4] => 75.0
                    [5] => 86.0
                    [6] => 400.0
                    [7] => 7-1-0
                    [8] => 8
                )

            [4] => Array
                (
                    [0] => 4
                    [1] => 4451
                    [2] => 19.0
                    [3] => 186.0
                    [4] => 75.0
                    [5] => 194.0
                    [6] => 355.0
                    [7] => 7-1-0
                    [8] => 8
                )

            [5] => Array
                (
                    [0] => 5
                    [1] => 2172
                    [2] => 19.0
                    [3] => 178.0
                    [4] => 85.0
                    [5] => 96.0
                    [6] => 395.0
                    [7] => 6-2-0
                    [8] => 8
                )

            [6] => Array
                (
                    [0] => 6
                    [1] => 2200
                    [2] => 19.0
                    [3] => 156.0
                    [4] => 170.0
                    [5] => 70.0
                    [6] => 390.0
                    [7] => 6-2-0
                    [8] => 8
                )

            [7] => Array
                (
                    [0] => 7
                    [1] => 3824
                    [2] => 19.0
                    [3] => 152.0
                    [4] => 95.0
                    [5] => 152.0
                    [6] => 390.0
                    [7] => 6-2-0
                    [8] => 8
                )

            [8] => Array
                (
                    [0] => 8
                    [1] => 1876
                    [2] => 17.0
                    [3] => 132.0
                    [4] => 155.0
                    [5] => 128.0
                    [6] => 320.0
                    [7] => 7-1-0
                    [8] => 8
                )

            [9] => Array
                (
                    [0] => 9
                    [1] => 2252
                    [2] => 17.0
                    [3] => 130.0
                    [4] => 90.0
                    [5] => 110.0
                    [6] => 360.0
                    [7] => 6-2-0
                    [8] => 8
                )

            [10] => Array
                (
                    [0] => 10
                    [1] => 4547
                    [2] => 16.0
                    [3] => 164.0
                    [4] => 75.0
                    [5] => 87.0
                    [6] => 355.0
                    [7] => 6-2-0
                    [8] => 8
                )

            [11] => Array
                (
                    [0] => 11
                    [1] => 343
                    [2] => 16.0
                    [3] => 140.0
                    [4] => 120.0
                    [5] => 46.0
                    [6] => 390.0
                    [7] => 5-3-0
                    [8] => 8
                )

            [12] => Array
                (
                    [0] => 12
                    [1] => 4823
                    [2] => 16.0
                    [3] => 122.0
                    [4] => 100.0
                    [5] => 93.0
                    [6] => 330.0
                    [7] => 6-2-0
                    [8] => 8
                )

            [13] => Array
                (
                    [0] => 13
                    [1] => 2393
                    [2] => 15.0
                    [3] => 144.0
                    [4] => 120.0
                    [5] => 213.0
                    [6] => 315.0
                    [7] => 6-2-0
                    [8] => 8
                )

            [14] => Array
                (
                    [0] => 14
                    [1] => 3490
                    [2] => 15.0
                    [3] => 138.0
                    [4] => 80.0
                    [5] => 72.0
                    [6] => 360.0
                    [7] => 5-3-0
                    [8] => 8
                )

            [15] => Array
                (
                    [0] => 15
                    [1] => 237
                    [2] => 14.0
                    [3] => 164.0
                    [4] => 90.0
                    [5] => 114.0
                    [6] => 295.0
                    [7] => 5-3-0
                    [8] => 8
                )

            [16] => Array
                (
                    [0] => 16
                    [1] => 2614
                    [2] => 14.0
                    [3] => 162.0
                    [4] => 75.0
                    [5] => 149.0
                    [6] => 325.0
                    [7] => 5-3-0
                    [8] => 8
                )

            [17] => Array
                (
                    [0] => 17
                    [1] => 2815
                    [2] => 14.0
                    [3] => 142.0
                    [4] => 90.0
                    [5] => 59.0
                    [6] => 370.0
                    [7] => 4-4-0
                    [8] => 8
                )

            [18] => Array
                (
                    [0] => 18
                    [1] => 1102
                    [2] => 14.0
                    [3] => 140.0
                    [4] => 80.0
                    [5] => 63.0
                    [6] => 380.0
                    [7] => 5-3-0
                    [8] => 8
                )

            [19] => Array
                (
                    [0] => 19
                    [1] => 5410
                    [2] => 14.0
                    [3] => 140.0
                    [4] => 70.0
                    [5] => 51.0
                    [6] => 365.0
                    [7] => 4-4-0
                    [8] => 8
                )

            [20] => Array
                (
                    [0] => 20
                    [1] => 4013
                    [2] => 14.0
                    [3] => 116.0
                    [4] => 85.0
                    [5] => 34.0
                    [6] => 315.0
                    [7] => 5-3-0
                    [8] => 8
                )

            [21] => Array
                (
                    [0] => 21
                    [1] => 4965
                    [2] => 14.0
                    [3] => 114.0
                    [4] => 60.0
                    [5] => 38.0
                    [6] => 340.0
                    [7] => 5-3-0
                    [8] => 8
                )

            [22] => Array
                (
                    [0] => 22
                    [1] => 1287
                    [2] => 13.0
                    [3] => 170.0
                    [4] => 95.0
                    [5] => 29.0
                    [6] => 380.0
                    [7] => 4-4-0
                    [8] => 8
                )

            [23] => Array
                (
                    [0] => 23
                    [1] => 4243
                    [2] => 13.0
                    [3] => 169.0
                    [4] => 85.0
                    [5] => 31.0
                    [6] => 360.0
                    [7] => 4-4-0
                    [8] => 8
                )

            [24] => Array
                (
                    [0] => 24
                    [1] => 2386
                    [2] => 13.0
                    [3] => 156.0
                    [4] => 105.0
                    [5] => 53.0
                    [6] => 360.0
                    [7] => 4-4-0
                    [8] => 8
                )

            [25] => Array
                (
                    [0] => 25
                    [1] => 5063
                    [2] => 13.0
                    [3] => 156.0
                    [4] => 90.0
                    [5] => 58.0
                    [6] => 330.0
                    [7] => 5-3-0
                    [8] => 8
                )

            [26] => Array
                (
                    [0] => 26
                    [1] => 5022
                    [2] => 13.0
                    [3] => 142.0
                    [4] => 60.0
                    [5] => 53.0
                    [6] => 310.0
                    [7] => 6-2-0
                    [8] => 8
                )

            [27] => Array
                (
                    [0] => 27
                    [1] => 4075
                    [2] => 13.0
                    [3] => 118.0
                    [4] => 100.0
                    [5] => 32.0
                    [6] => 350.0
                    [7] => 4-4-0
                    [8] => 8
                )

            [28] => Array
                (
                    [0] => 28
                    [1] => 1369
                    [2] => 13.0
                    [3] => 104.0
                    [4] => 60.0
                    [5] => 65.0
                    [6] => 305.0
                    [7] => 5-3-0
                    [8] => 8
                )

            [29] => Array
                (
                    [0] => 29
                    [1] => 4073
                    [2] => 12.0
                    [3] => 167.0
                    [4] => 95.0
                    [5] => 38.0
                    [6] => 375.0
                    [7] => 4-4-0
                    [8] => 8
                )

            [30] => Array
                (
                    [0] => 30
                    [1] => 4504
                    [2] => 12.0
                    [3] => 148.0
                    [4] => 80.0
                    [5] => 50.0
                    [6] => 340.0
                    [7] => 4-4-0
                    [8] => 8
                )

            [31] => Array
                (
                    [0] => 31
                    [1] => 283
                    [2] => 12.0
                    [3] => 128.0
                    [4] => 95.0
                    [5] => 34.0
                    [6] => 340.0
                    [7] => 4-4-0
                    [8] => 8
                )

            [32] => Array
                (
                    [0] => 32
                    [1] => 3489
                    [2] => 12.0
                    [3] => 126.0
                    [4] => 85.0
                    [5] => 35.0
                    [6] => 350.0
                    [7] => 4-4-0
                    [8] => 8
                )

            [33] => Array
                (
                    [0] => 33
                    [1] => 5409
                    [2] => 12.0
                    [3] => 118.0
                    [4] => 110.0
                    [5] => 129.0
                    [6] => 270.0
                    [7] => 5-3-0
                    [8] => 8
                )

            [34] => Array
                (
                    [0] => 34
                    [1] => 4265
                    [2] => 12.0
                    [3] => 100.0
                    [4] => 75.0
                    [5] => 42.0
                    [6] => 345.0
                    [7] => 4-4-0
                    [8] => 8
                )

            [35] => Array
                (
                    [0] => 35
                    [1] => 5327
                    [2] => 12.0
                    [3] => 96.0
                    [4] => 85.0
                    [5] => 13.0
                    [6] => 290.0
                    [7] => 5-3-0
                    [8] => 8
                )

            [36] => Array
                (
                    [0] => 36
                    [1] => 1553
                    [2] => 11.0
                    [3] => 122.0
                    [4] => 80.0
                    [5] => 56.0
                    [6] => 340.0
                    [7] => 4-4-0
                    [8] => 8
                )

            [37] => Array
                (
                    [0] => 37
                    [1] => 4992
                    [2] => 11.0
                    [3] => 110.0
                    [4] => 75.0
                    [5] => 21.0
                    [6] => 335.0
                    [7] => 3-5-0
                    [8] => 8
                )

            [38] => Array
                (
                    [0] => 38
                    [1] => 1539
                    [2] => 11.0
                    [3] => 90.0
                    [4] => 90.0
                    [5] => 69.0
                    [6] => 305.0
                    [7] => 3-5-0
                    [8] => 8
                )

            [39] => Array
                (
                    [0] => 39
                    [1] => 4902
                    [2] => 10.0
                    [3] => 159.0
                    [4] => 65.0
                    [5] => 30.0
                    [6] => 330.0
                    [7] => 3-5-0
                    [8] => 8
                )

            [40] => Array
                (
                    [0] => 40
                    [1] => 120
                    [2] => 10.0
                    [3] => 146.0
                    [4] => 90.0
                    [5] => 156.0
                    [6] => 340.0
                    [7] => 4-4-0
                    [8] => 8
                )

            [41] => Array
                (
                    [0] => 41
                    [1] => 4582
                    [2] => 10.0
                    [3] => 144.0
                    [4] => 60.0
                    [5] => 72.0
                    [6] => 315.0
                    [7] => 3-5-0
                    [8] => 8
                )

            [42] => Array
                (
                    [0] => 42
                    [1] => 4098
                    [2] => 10.0
                    [3] => 106.0
                    [4] => 65.0
                    [5] => 67.0
                    [6] => 255.0
                    [7] => 5-3-0
                    [8] => 8
                )

            [43] => Array
                (
                    [0] => 43
                    [1] => 5898
                    [2] => 10.0
                    [3] => 104.0
                    [4] => 95.0
                    [5] => 49.0
                    [6] => 270.0
                    [7] => 4-4-0
                    [8] => 8
                )

            [44] => Array
                (
                    [0] => 44
                    [1] => 6167
                    [2] => 9.0
                    [3] => 154.0
                    [4] => 85.0
                    [5] => 35.0
                    [6] => 325.0
                    [7] => 3-5-0
                    [8] => 8
                )

            [45] => Array
                (
                    [0] => 45
                    [1] => 4533
                    [2] => 9.0
                    [3] => 111.0
                    [4] => 85.0
                    [5] => 51.0
                    [6] => 310.0
                    [7] => 3-5-0
                    [8] => 8
                )

            [46] => Array
                (
                    [0] => 46
                    [1] => 2556
                    [2] => 9.0
                    [3] => 100.0
                    [4] => 90.0
                    [5] => 60.0
                    [6] => 305.0
                    [7] => 3-5-0
                    [8] => 8
                )

            [47] => Array
                (
                    [0] => 47
                    [1] => 5180
                    [2] => 9.0
                    [3] => 90.0
                    [4] => 50.0
                    [5] => 17.0
                    [6] => 225.0
                    [7] => 3-4-0
                    [8] => 8
                )

            [48] => Array
                (
                    [0] => 48
                    [1] => 900
                    [2] => 9.0
                    [3] => 86.0
                    [4] => 55.0
                    [5] => 40.0
                    [6] => 260.0
                    [7] => 3-5-0
                    [8] => 8
                )

            [49] => Array
                (
                    [0] => 49
                    [1] => 2187
                    [2] => 8.0
                    [3] => 104.0
                    [4] => 115.0
                    [5] => 94.0
                    [6] => 285.0
                    [7] => 3-5-0
                    [8] => 8
                )

            [50] => Array
                (
                    [0] => 50
                    [1] => 4267
                    [2] => 8.0
                    [3] => 56.0
                    [4] => 60.0
                    [5] => 38.0
                    [6] => 265.0
                    [7] => 4-4-0
                    [8] => 8
                )

            [51] => Array
                (
                    [0] => 51
                    [1] => 4901
                    [2] => 8.0
                    [3] => 54.0
                    [4] => 65.0
                    [5] => 52.0
                    [6] => 240.0
                    [7] => 3-5-0
                    [8] => 8
                )

            [52] => Array
                (
                    [0] => 52
                    [1] => 4748
                    [2] => 7.0
                    [3] => 110.0
                    [4] => 65.0
                    [5] => 34.0
                    [6] => 285.0
                    [7] => 2-5-0
                    [8] => 8
                )

            [53] => Array
                (
                    [0] => 53
                    [1] => 3976
                    [2] => 7.0
                    [3] => 102.0
                    [4] => 65.0
                    [5] => 79.0
                    [6] => 260.0
                    [7] => 3-5-0
                    [8] => 8
                )

            [54] => Array
                (
                    [0] => 54
                    [1] => 342
                    [2] => 6.0
                    [3] => 96.0
                    [4] => 75.0
                    [5] => 36.0
                    [6] => 285.0
                    [7] => 2-6-0
                    [8] => 8
                )

            [55] => Array
                (
                    [0] => 55
                    [1] => 5130
                    [2] => 6.0
                    [3] => 86.0
                    [4] => 95.0
                    [5] => 79.0
                    [6] => 265.0
                    [7] => 2-6-0
                    [8] => 8
                )

            [56] => Array
                (
                    [0] => 56
                    [1] => 4083
                    [2] => 6.0
                    [3] => 84.0
                    [4] => 50.0
                    [5] => 38.0
                    [6] => 285.0
                    [7] => 2-6-0
                    [8] => 8
                )

            [57] => Array
                (
                    [0] => 57
                    [1] => 4847
                    [2] => 5.0
                    [3] => 130.0
                    [4] => 75.0
                    [5] => 91.0
                    [6] => 265.0
                    [7] => 2-6-0
                    [8] => 8
                )

            [58] => Array
                (
                    [0] => 58
                    [1] => 5317
                    [2] => 5.0
                    [3] => 114.0
                    [4] => 65.0
                    [5] => 46.0
                    [6] => 265.0
                    [7] => 2-6-0
                    [8] => 8
                )

            [59] => Array
                (
                    [0] => 59
                    [1] => 5020
                    [2] => 5.0
                    [3] => 106.0
                    [4] => 100.0
                    [5] => 78.0
                    [6] => 265.0
                    [7] => 2-6-0
                    [8] => 8
                )

            [60] => Array
                (
                    [0] => 60
                    [1] => 1051
                    [2] => 5.0
                    [3] => 106.0
                    [4] => 60.0
                    [5] => 59.0
                    [6] => 330.0
                    [7] => 0-8-0
                    [8] => 8
                )

            [61] => Array
                (
                    [0] => 61
                    [1] => 5777
                    [2] => 4.0
                    [3] => 130.0
                    [4] => 55.0
                    [5] => 27.0
                    [6] => 290.0
                    [7] => 1-7-0
                    [8] => 8
                )

            [62] => Array
                (
                    [0] => 62
                    [1] => 6222
                    [2] => 3.0
                    [3] => 100.0
                    [4] => 55.0
                    [5] => 36.0
                    [6] => 250.0
                    [7] => 1-7-0
                    [8] => 8
                )

            [63] => Array
                (
                    [0] => 63
                    [1] => 1398
                    [2] => 2.0
                    [3] => 76.0
                    [4] => 55.0
                    [5] => 8.0
                    [6] => 230.0
                    [7] => 1-7-0
                    [8] => 8
                )

            [64] => Array
                (
                    [0] => 64
                    [1] => 4074
                    [2] => 2.0
                    [3] => 74.0
                    [4] => 70.0
                    [5] => 52.0
                    [6] => 275.0
                    [7] => 0-8-0
                    [8] => 8
                )

        )

    [raw_body] => [["Rank", "Team", "Ranking Score", "Auto", "Scale/Challenge", "Goals", "Defense", "Record (W-L-T)", "Played"], ["1", "179", "22.0", "196.0", "155.0", "159.0", "395.0", "8-0-0", "8"], ["2", "1296", "20.0", "164.0", "105.0", "93.0", "385.0", "6-2-0", "8"], ["3", "1758", "20.0", "154.0", "75.0", "86.0", "400.0", "7-1-0", "8"], ["4", "4451", "19.0", "186.0", "75.0", "194.0", "355.0", "7-1-0", "8"], ["5", "2172", "19.0", "178.0", "85.0", "96.0", "395.0", "6-2-0", "8"], ["6", "2200", "19.0", "156.0", "170.0", "70.0", "390.0", "6-2-0", "8"], ["7", "3824", "19.0", "152.0", "95.0", "152.0", "390.0", "6-2-0", "8"], ["8", "1876", "17.0", "132.0", "155.0", "128.0", "320.0", "7-1-0", "8"], ["9", "2252", "17.0", "130.0", "90.0", "110.0", "360.0", "6-2-0", "8"], ["10", "4547", "16.0", "164.0", "75.0", "87.0", "355.0", "6-2-0", "8"], ["11", "343", "16.0", "140.0", "120.0", "46.0", "390.0", "5-3-0", "8"], ["12", "4823", "16.0", "122.0", "100.0", "93.0", "330.0", "6-2-0", "8"], ["13", "2393", "15.0", "144.0", "120.0", "213.0", "315.0", "6-2-0", "8"], ["14", "3490", "15.0", "138.0", "80.0", "72.0", "360.0", "5-3-0", "8"], ["15", "237", "14.0", "164.0", "90.0", "114.0", "295.0", "5-3-0", "8"], ["16", "2614", "14.0", "162.0", "75.0", "149.0", "325.0", "5-3-0", "8"], ["17", "2815", "14.0", "142.0", "90.0", "59.0", "370.0", "4-4-0", "8"], ["18", "1102", "14.0", "140.0", "80.0", "63.0", "380.0", "5-3-0", "8"], ["19", "5410", "14.0", "140.0", "70.0", "51.0", "365.0", "4-4-0", "8"], ["20", "4013", "14.0", "116.0", "85.0", "34.0", "315.0", "5-3-0", "8"], ["21", "4965", "14.0", "114.0", "60.0", "38.0", "340.0", "5-3-0", "8"], ["22", "1287", "13.0", "170.0", "95.0", "29.0", "380.0", "4-4-0", "8"], ["23", "4243", "13.0", "169.0", "85.0", "31.0", "360.0", "4-4-0", "8"], ["24", "2386", "13.0", "156.0", "105.0", "53.0", "360.0", "4-4-0", "8"], ["25", "5063", "13.0", "156.0", "90.0", "58.0", "330.0", "5-3-0", "8"], ["26", "5022", "13.0", "142.0", "60.0", "53.0", "310.0", "6-2-0", "8"], ["27", "4075", "13.0", "118.0", "100.0", "32.0", "350.0", "4-4-0", "8"], ["28", "1369", "13.0", "104.0", "60.0", "65.0", "305.0", "5-3-0", "8"], ["29", "4073", "12.0", "167.0", "95.0", "38.0", "375.0", "4-4-0", "8"], ["30", "4504", "12.0", "148.0", "80.0", "50.0", "340.0", "4-4-0", "8"], ["31", "283", "12.0", "128.0", "95.0", "34.0", "340.0", "4-4-0", "8"], ["32", "3489", "12.0", "126.0", "85.0", "35.0", "350.0", "4-4-0", "8"], ["33", "5409", "12.0", "118.0", "110.0", "129.0", "270.0", "5-3-0", "8"], ["34", "4265", "12.0", "100.0", "75.0", "42.0", "345.0", "4-4-0", "8"], ["35", "5327", "12.0", "96.0", "85.0", "13.0", "290.0", "5-3-0", "8"], ["36", "1553", "11.0", "122.0", "80.0", "56.0", "340.0", "4-4-0", "8"], ["37", "4992", "11.0", "110.0", "75.0", "21.0", "335.0", "3-5-0", "8"], ["38", "1539", "11.0", "90.0", "90.0", "69.0", "305.0", "3-5-0", "8"], ["39", "4902", "10.0", "159.0", "65.0", "30.0", "330.0", "3-5-0", "8"], ["40", "120", "10.0", "146.0", "90.0", "156.0", "340.0", "4-4-0", "8"], ["41", "4582", "10.0", "144.0", "60.0", "72.0", "315.0", "3-5-0", "8"], ["42", "4098", "10.0", "106.0", "65.0", "67.0", "255.0", "5-3-0", "8"], ["43", "5898", "10.0", "104.0", "95.0", "49.0", "270.0", "4-4-0", "8"], ["44", "6167", "9.0", "154.0", "85.0", "35.0", "325.0", "3-5-0", "8"], ["45", "4533", "9.0", "111.0", "85.0", "51.0", "310.0", "3-5-0", "8"], ["46", "2556", "9.0", "100.0", "90.0", "60.0", "305.0", "3-5-0", "8"], ["47", "5180", "9.0", "90.0", "50.0", "17.0", "225.0", "3-4-0", "8"], ["48", "900", "9.0", "86.0", "55.0", "40.0", "260.0", "3-5-0", "8"], ["49", "2187", "8.0", "104.0", "115.0", "94.0", "285.0", "3-5-0", "8"], ["50", "4267", "8.0", "56.0", "60.0", "38.0", "265.0", "4-4-0", "8"], ["51", "4901", "8.0", "54.0", "65.0", "52.0", "240.0", "3-5-0", "8"], ["52", "4748", "7.0", "110.0", "65.0", "34.0", "285.0", "2-5-0", "8"], ["53", "3976", "7.0", "102.0", "65.0", "79.0", "260.0", "3-5-0", "8"], ["54", "342", "6.0", "96.0", "75.0", "36.0", "285.0", "2-6-0", "8"], ["55", "5130", "6.0", "86.0", "95.0", "79.0", "265.0", "2-6-0", "8"], ["56", "4083", "6.0", "84.0", "50.0", "38.0", "285.0", "2-6-0", "8"], ["57", "4847", "5.0", "130.0", "75.0", "91.0", "265.0", "2-6-0", "8"], ["58", "5317", "5.0", "114.0", "65.0", "46.0", "265.0", "2-6-0", "8"], ["59", "5020", "5.0", "106.0", "100.0", "78.0", "265.0", "2-6-0", "8"], ["60", "1051", "5.0", "106.0", "60.0", "59.0", "330.0", "0-8-0", "8"], ["61", "5777", "4.0", "130.0", "55.0", "27.0", "290.0", "1-7-0", "8"], ["62", "6222", "3.0", "100.0", "55.0", "36.0", "250.0", "1-7-0", "8"], ["63", "1398", "2.0", "76.0", "55.0", "8.0", "230.0", "1-7-0", "8"], ["64", "4074", "2.0", "74.0", "70.0", "52.0", "275.0", "0-8-0", "8"]]
    [headers] => Httpful\Response\Headers Object
        (
            [headers:Httpful\Response\Headers:private] => Array
                (
                    [date] => Thu, 31 Mar 2016 18:37:36 GMT
                    [content-type] => application/json; charset="utf-8"
                    [transfer-encoding] => chunked
                    [connection] => keep-alive
                    [set-cookie] => __cfduid=dd0129379ffb8b69ed1230d5b09823a2c1459449456; expires=Fri, 31-Mar-17 18:37:36 GMT; path=/; domain=.thebluealliance.com; HttpOnly
                    [access-control-allow-origin] => *
                    [pragma] => Public
                    [last-modified] => Fri, 11 Mar 2016 10:12:29 GMT
                    [x-tba-version] => 2
                    [vary] => Accept-Encoding
                    [cache-control] => public, max-age=61
                    [age] => 0
                    [server] => cloudflare-nginx
                    [cf-ray] => 28c5e9e0c17f0713-SJC
                )

        )

    [raw_headers] => HTTP/1.1 200 OK
Date: Thu, 31 Mar 2016 18:37:36 GMT
Content-Type: application/json; charset="utf-8"
Transfer-Encoding: chunked
Connection: keep-alive
Set-Cookie: __cfduid=dd0129379ffb8b69ed1230d5b09823a2c1459449456; expires=Fri, 31-Mar-17 18:37:36 GMT; path=/; domain=.thebluealliance.com; HttpOnly
Access-Control-Allow-Origin: *
Pragma: Public
Last-Modified: Fri, 11 Mar 2016 10:12:29 GMT
X-TBA-Version: 2
Vary: Accept-Encoding
Cache-Control: public, max-age=61
Age: 0
Server: cloudflare-nginx
CF-RAY: 28c5e9e0c17f0713-SJC
    [request] => Httpful\Request Object
        (
            [uri] => http://www.thebluealliance.com/api/v2/event/2016scmb/rankings
            [method] => GET
            [headers] => Array
                (
                    [X-TBA-App-Id] => frc0100:compsystem:v02
                    [Content-Length] => 0
                )

            [raw_headers] => GET /api/v2/event/2016scmb/rankings HTTP/1.1
Host: www.thebluealliance.com
Expect:
User-Agent: Httpful/0.2.19 (cURL/7.26.0 PHP/5.4.45-0+deb7u2 (Linux))
Content-Type: 
Accept: */*; q=0.5, text/plain; q=0.8, text/html;level=3;
X-TBA-App-Id: frc0100:compsystem:v02
Content-Length: 0

            [strict_ssl] => 
            [content_type] => 
            [expected_type] => 
            [additional_curl_opts] => Array
                (
                )

            [auto_parse] => 1
            [serialize_payload_method] => 2
            [username] => 
            [password] => 
            [serialized_payload] => 
            [payload] => 
            [parse_callback] => 
            [error_callback] => 
            [send_callback] => 
            [follow_redirects] => 
            [max_redirects] => 25
            [payload_serializers] => Array
                (
                )

            [_ch] => Resource id #25
            [_debug] => 
        )

    [code] => 200
    [content_type] => application/json
    [parent_type] => application/json
    [charset] => "utf-8"
    [meta_data] => Array
        (
            [url] => http://www.thebluealliance.com/api/v2/event/2016scmb/rankings
            [content_type] => application/json; charset="utf-8"
            [http_code] => 200
            [header_size] => 541
            [request_size] => 265
            [filetime] => -1
            [ssl_verify_result] => 0
            [redirect_count] => 0
            [total_time] => 0.07656
            [namelookup_time] => 0.001127
            [connect_time] => 0.001982
            [pretransfer_time] => 0.002019
            [size_upload] => 0
            [size_download] => 4691
            [speed_download] => 61272
            [speed_upload] => 0
            [download_content_length] => -1
            [upload_content_length] => 0
            [starttransfer_time] => 0.076514
            [redirect_time] => 0
            [certinfo] => Array
                (
                )

            [primary_ip] => 104.27.143.180
            [primary_port] => 80
            [local_ip] => 104.200.25.182
            [local_port] => 60388
            [redirect_url] => 
        )

    [is_mime_vendor_specific] => 
    [is_mime_personal] => 
    [parsers:Httpful\Response:private] => 
)
